<?xml version="1.0" encoding="utf-8"?><testsuites name="pytest tests"><testsuite name="pytest" errors="0" failures="0" skipped="0" tests="37" time="3.888" timestamp="2026-03-29T09:40:50.338087+00:00" hostname="agent-env-a211356d-dd09-447e-9c73-196e20d4285e"><testcase classname="backend.tests.test_accounts.TestAccountGroups" name="test_get_groups_returns_8" time="0.458" /><testcase classname="backend.tests.test_accounts.TestAccountGroups" name="test_group_names_match_indian_standard" time="0.042" /><testcase classname="backend.tests.test_accounts.TestAccountGroups" name="test_groups_have_required_fields" time="0.043" /><testcase classname="backend.tests.test_accounts.TestAccountGroups" name="test_groups_ordered_by_display_order" time="0.082" /><testcase classname="backend.tests.test_accounts.TestAccountGroups" name="test_sipahi_can_read_groups" time="0.378" /><testcase classname="backend.tests.test_accounts.TestAccountHeads" name="test_get_heads_returns_list" time="0.044" /><testcase classname="backend.tests.test_accounts.TestAccountHeads" name="test_cash_in_hand_present" time="0.047" /><testcase classname="backend.tests.test_accounts.TestAccountHeads" name="test_interest_income_on_loans_present" time="0.047" /><testcase classname="backend.tests.test_accounts.TestAccountHeads" name="test_loans_portfolio_sundry_debtors_present" time="0.044" /><testcase classname="backend.tests.test_accounts.TestAccountHeads" name="test_heads_have_group_info" time="0.043" /><testcase classname="backend.tests.test_accounts.TestCreateAccountHead" name="test_admin_can_create_head" time="0.088" /><testcase classname="backend.tests.test_accounts.TestCreateAccountHead" name="test_created_head_appears_in_list" time="0.044" /><testcase classname="backend.tests.test_accounts.TestCreateAccountHead" name="test_sipahi_cannot_create_head" time="0.090" /><testcase classname="backend.tests.test_accounts.TestCreateAccountHead" name="test_invalid_group_id_returns_400" time="0.083" /><testcase classname="backend.tests.test_accounts.TestDeleteAccountHead" name="test_admin_can_delete_non_system_head" time="0.218" /><testcase classname="backend.tests.test_accounts.TestDeleteAccountHead" name="test_system_head_cannot_be_deleted" time="0.098" /><testcase classname="backend.tests.test_accounts.TestDeleteAccountHead" name="test_sipahi_cannot_delete_head" time="0.095" /><testcase classname="backend.tests.test_accounts.TestSimpleEntry" name="test_create_expense_entry" time="0.131" /><testcase classname="backend.tests.test_accounts.TestSimpleEntry" name="test_create_income_entry" time="0.127" /><testcase classname="backend.tests.test_accounts.TestSimpleEntry" name="test_sipahi_cannot_create_entry" time="0.047" /><testcase classname="backend.tests.test_accounts.TestSimpleEntry" name="test_non_income_expense_head_returns_400" time="0.084" /><testcase classname="backend.tests.test_accounts.TestMuneemFreezeCheck" name="test_muneem_past_month_entry_frozen" time="0.574" /><testcase classname="backend.tests.test_accounts.TestMuneemFreezeCheck" name="test_muneem_current_month_entry_allowed" time="0.097" /><testcase classname="backend.tests.test_accounts.TestCashBook" name="test_cashbook_returns_correct_structure" time="0.045" /><testcase classname="backend.tests.test_accounts.TestCashBook" name="test_cashbook_entries_have_correct_fields" time="0.045" /><testcase classname="backend.tests.test_accounts.TestCashBook" name="test_cashbook_balance_is_consistent" time="0.043" /><testcase classname="backend.tests.test_accounts.TestCashBook" name="test_cashbook_with_illaka_filter" time="0.043" /><testcase classname="backend.tests.test_accounts.TestPLSummary" name="test_summary_returns_correct_structure" time="0.042" /><testcase classname="backend.tests.test_accounts.TestPLSummary" name="test_summary_income_expenses_are_lists" time="0.042" /><testcase classname="backend.tests.test_accounts.TestPLSummary" name="test_summary_net_profit_calculation" time="0.048" /><testcase classname="backend.tests.test_accounts.TestPLSummary" name="test_summary_has_income_data_from_created_entries" time="0.048" /><testcase classname="backend.tests.test_accounts.TestPLSummary" name="test_summary_with_illaka_filter" time="0.044" /><testcase classname="backend.tests.test_accounts.TestSipahiAccess" name="test_sipahi_can_read_groups" time="0.050" /><testcase classname="backend.tests.test_accounts.TestSipahiAccess" name="test_sipahi_can_read_heads" time="0.046" /><testcase classname="backend.tests.test_accounts.TestSipahiAccess" name="test_sipahi_cannot_create_head" time="0.096" /><testcase classname="backend.tests.test_accounts.TestSipahiAccess" name="test_sipahi_cannot_delete_head" time="0.087" /><testcase classname="backend.tests.test_accounts.TestSipahiAccess" name="test_sipahi_cannot_create_entry" time="0.087" /></testsuite></testsuites>