<?xml version="1.0" encoding="utf-8"?><testsuites name="pytest tests"><testsuite name="pytest" errors="0" failures="0" skipped="0" tests="26" time="2.082" timestamp="2026-03-31T06:18:39.370107+00:00" hostname="agent-env-c6d40372-5b85-40a3-bdce-7435ae2b05d4"><testcase classname="backend.tests.test_accounting_p0_fix.TestDisbursementJournalEntry" name="test_disbursement_entry_exists" time="1.050" /><testcase classname="backend.tests.test_accounting_p0_fix.TestDisbursementJournalEntry" name="test_disbursement_entry_has_3_lines" time="0.048" /><testcase classname="backend.tests.test_accounting_p0_fix.TestDisbursementJournalEntry" name="test_disbursement_loans_portfolio_dr" time="0.051" /><testcase classname="backend.tests.test_accounting_p0_fix.TestDisbursementJournalEntry" name="test_disbursement_cash_cr" time="0.049" /><testcase classname="backend.tests.test_accounting_p0_fix.TestDisbursementJournalEntry" name="test_disbursement_interest_income_cr" time="0.048" /><testcase classname="backend.tests.test_accounting_p0_fix.TestDisbursementJournalEntry" name="test_disbursement_entry_is_balanced" time="0.054" /><testcase classname="backend.tests.test_accounting_p0_fix.TestEmiCollectionJournalEntry" name="test_emi_entry_exists" time="0.106" /><testcase classname="backend.tests.test_accounting_p0_fix.TestEmiCollectionJournalEntry" name="test_emi_entry_has_exactly_2_lines" time="0.046" /><testcase classname="backend.tests.test_accounting_p0_fix.TestEmiCollectionJournalEntry" name="test_emi_cash_dr_equals_full_emi" time="0.050" /><testcase classname="backend.tests.test_accounting_p0_fix.TestEmiCollectionJournalEntry" name="test_emi_loans_portfolio_cr_equals_full_emi" time="0.050" /><testcase classname="backend.tests.test_accounting_p0_fix.TestEmiCollectionJournalEntry" name="test_emi_entry_no_interest_income_line" time="0.048" /><testcase classname="backend.tests.test_accounting_p0_fix.TestBidAPI" name="test_bid_returns_200" time="0.046" /><testcase classname="backend.tests.test_accounting_p0_fix.TestBidAPI" name="test_bid_has_required_fields" time="0.045" /><testcase classname="backend.tests.test_accounting_p0_fix.TestBidAPI" name="test_bid_emi_collections_in_dr" time="0.000" /><testcase classname="backend.tests.test_accounting_p0_fix.TestBidAPI" name="test_bid_emi_collections_at_full_cash_amount" time="0.000" /><testcase classname="backend.tests.test_accounting_p0_fix.TestBidAPI" name="test_bid_interest_income_in_dr_from_disbursements" time="0.000" /><testcase classname="backend.tests.test_accounting_p0_fix.TestBidAPI" name="test_bid_loans_portfolio_in_cr" time="0.000" /><testcase classname="backend.tests.test_accounting_p0_fix.TestBidAPI" name="test_bid_balance_equation" time="0.000" /><testcase classname="backend.tests.test_accounting_p0_fix.TestOldFormatEmiEntriesInBid" name="test_old_3line_emi_uses_cash_dr_for_bid" time="0.143" /><testcase classname="backend.tests.test_accounting_p0_fix.TestInterestIncomeSourceInBid" name="test_emi_entries_do_not_contribute_to_interest_income" time="0.093" /><testcase classname="backend.tests.test_accounting_p0_fix.TestInterestFormula" name="test_formula_calculation[6000.0-990.29]" time="0.000" /><testcase classname="backend.tests.test_accounting_p0_fix.TestInterestFormula" name="test_formula_calculation[10000.0-1650.49]" time="0.000" /><testcase classname="backend.tests.test_accounting_p0_fix.TestInterestFormula" name="test_formula_calculation[15000.0-2475.73]" time="0.000" /><testcase classname="backend.tests.test_accounting_p0_fix.TestInterestFormula" name="test_formula_calculation[20000.0-3300.97]" time="0.000" /><testcase classname="backend.tests.test_accounting_p0_fix.TestInterestFormula" name="test_formula_calculation[100000.0-16504.85]" time="0.000" /><testcase classname="backend.tests.test_accounting_p0_fix.TestInterestFormula" name="test_test_loan_interest_matches_formula" time="0.048" /></testsuite></testsuites>