<?xml version="1.0" encoding="utf-8"?><testsuites name="pytest tests"><testsuite name="pytest" errors="0" failures="0" skipped="0" tests="35" time="5.218" timestamp="2026-03-29T10:25:29.487926+00:00" hostname="agent-env-a211356d-dd09-447e-9c73-196e20d4285e"><testcase classname="tests.test_accounts_enhanced.TestCashbookNewFormat" name="test_cashbook_returns_dr_sections_cr_entries" time="0.542" /><testcase classname="tests.test_accounts_enhanced.TestCashbookNewFormat" name="test_cashbook_no_old_entries_field" time="0.049" /><testcase classname="tests.test_accounts_enhanced.TestCashbookNewFormat" name="test_cashbook_dr_sections_is_list" time="0.048" /><testcase classname="tests.test_accounts_enhanced.TestCashbookNewFormat" name="test_cashbook_cr_entries_is_list" time="0.053" /><testcase classname="tests.test_accounts_enhanced.TestCashbookNewFormat" name="test_cashbook_balance_is_consistent" time="0.053" /><testcase classname="tests.test_accounts_enhanced.TestCashbookNewFormat" name="test_cashbook_with_illaka_filter" time="0.049" /><testcase classname="tests.test_accounts_enhanced.TestCashbookNewFormat" name="test_cashbook_emi_sections_grouped_by_misal" time="0.054" /><testcase classname="tests.test_accounts_enhanced.TestCashbookNewFormat" name="test_cashbook_cr_entries_have_required_fields" time="0.048" /><testcase classname="tests.test_accounts_enhanced.TestBid" name="test_bid_returns_correct_structure" time="0.050" /><testcase classname="tests.test_accounts_enhanced.TestBid" name="test_bid_dr_totals_is_list" time="0.048" /><testcase classname="tests.test_accounts_enhanced.TestBid" name="test_bid_cr_totals_is_list" time="0.053" /><testcase classname="tests.test_accounts_enhanced.TestBid" name="test_bid_balance_calculation" time="0.049" /><testcase classname="tests.test_accounts_enhanced.TestBid" name="test_bid_with_illaka_filter" time="0.050" /><testcase classname="tests.test_accounts_enhanced.TestBid" name="test_bid_emi_total_has_misal_breakdown" time="0.055" /><testcase classname="tests.test_accounts_enhanced.TestFullJournalEntry" name="test_unbalanced_entry_returns_400" time="0.212" /><testcase classname="tests.test_accounts_enhanced.TestFullJournalEntry" name="test_balanced_entry_saves_successfully" time="0.063" /><testcase classname="tests.test_accounts_enhanced.TestFullJournalEntry" name="test_balanced_entry_persists_in_entries_list" time="0.055" /><testcase classname="tests.test_accounts_enhanced.TestFullJournalEntry" name="test_journal_entry_requires_at_least_2_lines" time="0.048" /><testcase classname="tests.test_accounts_enhanced.TestFullJournalEntry" name="test_multi_line_balanced_entry" time="0.100" /><testcase classname="tests.test_accounts_enhanced.TestFullJournalEntry" name="test_sipahi_cannot_create_journal_entry" time="0.372" /><testcase classname="tests.test_accounts_enhanced.TestExpenseTemplates" name="test_get_template_returns_none_for_new_illaka" time="0.047" /><testcase classname="tests.test_accounts_enhanced.TestExpenseTemplates" name="test_get_existing_template" time="0.046" /><testcase classname="tests.test_accounts_enhanced.TestExpenseTemplates" name="test_create_expense_template" time="0.047" /><testcase classname="tests.test_accounts_enhanced.TestExpenseTemplates" name="test_template_fields_have_account_head_name" time="0.046" /><testcase classname="tests.test_accounts_enhanced.TestExpenseTemplates" name="test_non_admin_cannot_create_template" time="0.472" /><testcase classname="tests.test_accounts_enhanced.TestExpenseTemplates" name="test_template_upsert_replaces_fields" time="0.092" /><testcase classname="tests.test_accounts_enhanced.TestExpenseSubmissions" name="test_get_submission_returns_none_initially" time="0.185" /><testcase classname="tests.test_accounts_enhanced.TestExpenseSubmissions" name="test_save_draft_via_post" time="0.200" /><testcase classname="tests.test_accounts_enhanced.TestExpenseSubmissions" name="test_draft_is_retrievable" time="0.252" /><testcase classname="tests.test_accounts_enhanced.TestExpenseSubmissions" name="test_submit_expense_creates_journal_entry" time="0.193" /><testcase classname="tests.test_accounts_enhanced.TestExpenseSubmissions" name="test_submitted_form_is_locked_for_muneem" time="0.592" /><testcase classname="tests.test_accounts_enhanced.TestExpenseSubmissions" name="test_admin_can_delete_submission" time="0.238" /><testcase classname="tests.test_accounts_enhanced.TestExpenseSubmissions" name="test_muneem_cannot_delete_submission" time="0.144" /><testcase classname="tests.test_accounts_enhanced.TestExpenseSheetIntegration" name="test_expense_sheet_submission_appears_in_cashbook" time="0.286" /><testcase classname="tests.test_accounts_enhanced.TestExpenseSheetIntegration" name="test_expense_submission_entry_type_is_expense_sheet" time="0.248" /></testsuite></testsuites>