<?xml version="1.0" encoding="utf-8"?><testsuites name="pytest tests"><testsuite name="pytest" errors="0" failures="0" skipped="0" tests="12" time="1.413" timestamp="2026-03-31T07:39:12.981688+00:00" hostname="agent-env-68bce059-eceb-41d7-93d5-4485c2fa129b"><testcase classname="backend.tests.test_copy_opening_balance.TestYearEndClosingHistory" name="test_closing_history_returns_200" time="0.489" /><testcase classname="backend.tests.test_copy_opening_balance.TestYearEndClosingHistory" name="test_closing_history_has_closings" time="0.044" /><testcase classname="backend.tests.test_copy_opening_balance.TestYearEndClosingHistory" name="test_closing_history_contains_2024_03_31" time="0.044" /><testcase classname="backend.tests.test_copy_opening_balance.TestClosingBalancesEndpoint" name="test_returns_200_for_valid_closing" time="0.048" /><testcase classname="backend.tests.test_copy_opening_balance.TestClosingBalancesEndpoint" name="test_response_has_items_key" time="0.046" /><testcase classname="backend.tests.test_copy_opening_balance.TestClosingBalancesEndpoint" name="test_items_are_non_empty" time="0.053" /><testcase classname="backend.tests.test_copy_opening_balance.TestClosingBalancesEndpoint" name="test_items_have_required_fields" time="0.046" /><testcase classname="backend.tests.test_copy_opening_balance.TestClosingBalancesEndpoint" name="test_items_exclude_income_expense" time="0.047" /><testcase classname="backend.tests.test_copy_opening_balance.TestClosingBalancesEndpoint" name="test_items_have_positive_balance" time="0.047" /><testcase classname="backend.tests.test_copy_opening_balance.TestClosingBalancesEndpoint" name="test_response_has_closing_date" time="0.052" /><testcase classname="backend.tests.test_copy_opening_balance.TestClosingBalancesEndpoint" name="test_returns_404_for_missing_closing_date" time="0.048" /><testcase classname="backend.tests.test_copy_opening_balance.TestClosingBalancesEndpoint" name="test_returns_403_for_muneem_user" time="0.372" /></testsuite></testsuites>