<?xml version="1.0" encoding="utf-8"?><testsuites name="pytest tests"><testsuite name="pytest" errors="0" failures="0" skipped="1" tests="19" time="36.091" timestamp="2026-05-09T07:52:01.713054+00:00" hostname="agent-env-cafa44a9-a4b7-4346-8657-842d06e6e3a7"><testcase classname="backend.tests.test_crif.TestCrifResultBeforeCheck" name="test_result_before_check_status_200" time="0.578" /><testcase classname="backend.tests.test_crif.TestCrifResultBeforeCheck" name="test_result_before_check_has_result_false" time="0.058" /><testcase classname="backend.tests.test_crif.TestCrifCheckNoDob" name="test_check_no_dob_returns_422" time="0.055" /><testcase classname="backend.tests.test_crif.TestCrifCheckNoDob" name="test_check_no_dob_has_detail_message" time="0.054" /><testcase classname="backend.tests.test_crif.TestCrifCheckNoDob" name="test_check_nonexistent_kyc_returns_404" time="0.054" /><testcase classname="backend.tests.test_crif.TestCrifCheckWithDob" name="test_check_with_dob_returns_200" time="5.326" /><testcase classname="backend.tests.test_crif.TestCrifCheckWithDob" name="test_check_with_dob_response_has_kyc_id" time="5.637" /><testcase classname="backend.tests.test_crif.TestCrifCheckWithDob" name="test_check_with_dob_response_has_result" time="4.364" /><testcase classname="backend.tests.test_crif.TestCrifCheckWithDob" name="test_check_with_dob_result_has_status" time="6.020" /><testcase classname="backend.tests.test_crif.TestCrifCheckWithDob" name="test_check_with_dob_response_has_checked_at" time="6.857" /><testcase classname="backend.tests.test_crif.TestCrifResultAfterCheck" name="test_result_after_check_has_result_true" time="6.359" /><testcase classname="backend.tests.test_crif.TestCrifResultAfterCheck" name="test_result_after_check_has_kyc_id" time="0.049" /><testcase classname="backend.tests.test_crif.TestCrifResultAfterCheck" name="test_result_after_check_has_result_dict" time="0.049" /><testcase classname="backend.tests.test_crif.TestCrifResultAfterCheck" name="test_result_checked_at_present" time="0.048" /><testcase classname="backend.tests.test_crif.TestCrifResultAfterCheck" name="test_result_service_statuses_if_success" time="0.049" /><testcase classname="backend.tests.test_crif.TestCrifResultAfterCheck" name="test_result_account_summary_if_success" time="0.053" /><testcase classname="backend.tests.test_crif.TestCrifReportHtml" name="test_report_html_no_check_returns_404" time="0.054" /><testcase classname="backend.tests.test_crif.TestCrifReportHtml" name="test_report_html_after_check_status" time="0.108" /><testcase classname="backend.tests.test_crif.TestCrifReportHtml" name="test_report_html_content_type_if_200" time="0.101"><skipped type="pytest.skip" message="No HTML report in CRIF response (UAT may not include HTML)">/app/backend/tests/test_crif.py:247: No HTML report in CRIF response (UAT may not include HTML)</skipped></testcase></testsuite></testsuites>