<?xml version="1.0" encoding="utf-8"?><testsuites name="pytest tests"><testsuite name="pytest" errors="0" failures="0" skipped="0" tests="9" time="2.269" timestamp="2026-07-13T07:24:09.910840+00:00" hostname="agent-env-57db984c-1fee-455d-ac66-905b05ace85d"><testcase classname="backend.tests.test_delete_loan_reloan_kyc.TestDeleteLoan" name="test_delete_nonexistent_loan_returns_404" time="0.456" /><testcase classname="backend.tests.test_delete_loan_reloan_kyc.TestDeleteLoan" name="test_delete_invalid_id_returns_400" time="0.047" /><testcase classname="backend.tests.test_delete_loan_reloan_kyc.TestDeleteLoan" name="test_sipahi_cannot_delete_loan" time="0.440" /><testcase classname="backend.tests.test_delete_loan_reloan_kyc.TestDeleteLoan" name="test_unauthenticated_delete_returns_401_or_403" time="0.143" /><testcase classname="backend.tests.test_delete_loan_reloan_kyc.TestDeleteLoan" name="test_admin_can_delete_loan" time="0.227" /><testcase classname="backend.tests.test_delete_loan_reloan_kyc.TestDeleteLoan" name="test_delete_also_removes_payments" time="0.397" /><testcase classname="backend.tests.test_delete_loan_reloan_kyc.TestReloanKYCGateRemoved" name="test_reloan_allowed_for_incomplete_kyc_customer" time="0.147" /><testcase classname="backend.tests.test_delete_loan_reloan_kyc.TestReloanKYCGateRemoved" name="test_reloan_no_longer_returns_kyc_incomplete_400" time="0.179" /><testcase classname="backend.tests.test_delete_loan_reloan_kyc.TestRouteOrdering" name="test_delete_payment_route_still_works" time="0.148" /></testsuite></testsuites>