<?xml version="1.0" encoding="utf-8"?><testsuites name="pytest tests"><testsuite name="pytest" errors="0" failures="0" skipped="0" tests="17" time="2.064" timestamp="2026-03-31T08:06:32.005050+00:00" hostname="agent-env-68bce059-eceb-41d7-93d5-4485c2fa129b"><testcase classname="backend.tests.test_edit_emi_payment.TestCollectionSheetFields" name="test_collection_sheet_returns_200" time="0.549" /><testcase classname="backend.tests.test_edit_emi_payment.TestCollectionSheetFields" name="test_collection_sheet_has_latest_closing_ym" time="0.048" /><testcase classname="backend.tests.test_edit_emi_payment.TestCollectionSheetFields" name="test_delhi_illaka_latest_closing_ym_is_2024_03" time="0.046" /><testcase classname="backend.tests.test_edit_emi_payment.TestCollectionSheetFields" name="test_paid_rows_have_emi_paid_amount" time="0.046" /><testcase classname="backend.tests.test_edit_emi_payment.TestCollectionSheetFields" name="test_paid_rows_have_emi_paid_date" time="0.046" /><testcase classname="backend.tests.test_edit_emi_payment.TestCollectionSheetFields" name="test_unpaid_rows_have_zero_emi_paid_amount" time="0.046" /><testcase classname="backend.tests.test_edit_emi_payment.TestEditEmiPayment" name="test_admin_can_edit_current_month_paid_emi" time="0.140" /><testcase classname="backend.tests.test_edit_emi_payment.TestEditEmiPayment" name="test_edit_persists_in_collection_sheet" time="0.142" /><testcase classname="backend.tests.test_edit_emi_payment.TestEditEmiPayment" name="test_edit_only_amount_keeps_date" time="0.097" /><testcase classname="backend.tests.test_edit_emi_payment.TestEditEmiPayment" name="test_edit_invalid_loan_id_returns_400" time="0.049" /><testcase classname="backend.tests.test_edit_emi_payment.TestEditEmiPayment" name="test_edit_nonexistent_loan_returns_404" time="0.046" /><testcase classname="backend.tests.test_edit_emi_payment.TestYearClosingLock" name="test_admin_edit_locked_month_returns_403" time="0.095" /><testcase classname="backend.tests.test_edit_emi_payment.TestYearClosingLock" name="test_admin_edit_closing_month_itself_returns_403" time="0.046" /><testcase classname="backend.tests.test_edit_emi_payment.TestYearClosingLock" name="test_admin_edit_month_after_closing_not_blocked" time="0.048" /><testcase classname="backend.tests.test_edit_emi_payment.TestMuneemPermissions" name="test_muneem_edit_past_month_returns_403" time="0.427" /><testcase classname="backend.tests.test_edit_emi_payment.TestMuneemPermissions" name="test_muneem_edit_future_month_returns_403" time="0.048" /><testcase classname="backend.tests.test_edit_emi_payment.TestMuneemPermissions" name="test_muneem_edit_current_month_reaches_schedule_lookup" time="0.052" /></testsuite></testsuites>