<?xml version="1.0" encoding="utf-8"?><testsuites name="pytest tests"><testsuite name="pytest" errors="0" failures="0" skipped="0" tests="23" time="4.814" timestamp="2026-03-29T11:14:39.907008+00:00" hostname="agent-env-a211356d-dd09-447e-9c73-196e20d4285e"><testcase classname="backend.tests.test_edit_delete_unlock.TestGetSingleEntry" name="test_admin_can_get_single_entry" time="0.667" /><testcase classname="backend.tests.test_edit_delete_unlock.TestGetSingleEntry" name="test_get_single_entry_returns_correct_fields" time="0.160" /><testcase classname="backend.tests.test_edit_delete_unlock.TestGetSingleEntry" name="test_get_nonexistent_entry_returns_404" time="0.050" /><testcase classname="backend.tests.test_edit_delete_unlock.TestGetSingleEntry" name="test_get_invalid_entry_id_returns_400" time="0.045" /><testcase classname="backend.tests.test_edit_delete_unlock.TestGetSingleEntry" name="test_muneem_can_get_single_entry" time="0.494" /><testcase classname="backend.tests.test_edit_delete_unlock.TestDeleteEntry" name="test_admin_can_delete_entry" time="0.094" /><testcase classname="backend.tests.test_edit_delete_unlock.TestDeleteEntry" name="test_deleted_entry_returns_404" time="0.140" /><testcase classname="backend.tests.test_edit_delete_unlock.TestDeleteEntry" name="test_muneem_cannot_delete_entry" time="0.152" /><testcase classname="backend.tests.test_edit_delete_unlock.TestDeleteEntry" name="test_delete_nonexistent_entry_returns_404" time="0.048" /><testcase classname="backend.tests.test_edit_delete_unlock.TestDeleteEntry" name="test_delete_invalid_id_returns_400" time="0.047" /><testcase classname="backend.tests.test_edit_delete_unlock.TestUpdateEntry" name="test_admin_can_update_expense_voucher" time="0.152" /><testcase classname="backend.tests.test_edit_delete_unlock.TestUpdateEntry" name="test_update_persists_in_get" time="0.189" /><testcase classname="backend.tests.test_edit_delete_unlock.TestUpdateEntry" name="test_update_auto_generated_loan_disbursement_returns_400" time="0.152" /><testcase classname="backend.tests.test_edit_delete_unlock.TestUpdateEntry" name="test_update_auto_generated_emi_collection_returns_400" time="0.148" /><testcase classname="backend.tests.test_edit_delete_unlock.TestUpdateEntry" name="test_sipahi_cannot_update_entry" time="0.510" /><testcase classname="backend.tests.test_edit_delete_unlock.TestUpdateEntry" name="test_update_income_head_changes_lines" time="0.193" /><testcase classname="backend.tests.test_edit_delete_unlock.TestUnlockExpenseSubmission" name="test_admin_can_unlock_submitted_expense_sheet" time="0.231" /><testcase classname="backend.tests.test_edit_delete_unlock.TestUnlockExpenseSubmission" name="test_unlock_removes_journal_entry" time="0.342" /><testcase classname="backend.tests.test_edit_delete_unlock.TestUnlockExpenseSubmission" name="test_unlock_allows_muneem_to_resubmit" time="0.287" /><testcase classname="backend.tests.test_edit_delete_unlock.TestUnlockExpenseSubmission" name="test_muneem_cannot_unlock_submission" time="0.245" /><testcase classname="backend.tests.test_edit_delete_unlock.TestUnlockExpenseSubmission" name="test_unlock_already_draft_returns_400" time="0.252" /><testcase classname="backend.tests.test_edit_delete_unlock.TestUnlockExpenseSubmission" name="test_unlock_nonexistent_submission_returns_404" time="0.048" /><testcase classname="backend.tests.test_edit_delete_unlock.TestUnlockExpenseSubmission" name="test_unlock_invalid_id_returns_400" time="0.047" /></testsuite></testsuites>