<?xml version="1.0" encoding="utf-8"?><testsuites name="pytest tests"><testsuite name="pytest" errors="0" failures="0" skipped="0" tests="19" time="1.080" timestamp="2026-03-31T08:26:32.651445+00:00" hostname="agent-env-68bce059-eceb-41d7-93d5-4485c2fa129b"><testcase classname="backend.tests.test_collection_sheet_fy_strip.TestCollectionSheetApiResponse" name="test_sheet_returns_200" time="0.535" /><testcase classname="backend.tests.test_collection_sheet_fy_strip.TestCollectionSheetApiResponse" name="test_sheet_has_illakas_key" time="0.075" /><testcase classname="backend.tests.test_collection_sheet_fy_strip.TestCollectionSheetApiResponse" name="test_sheet_has_month_key" time="0.054" /><testcase classname="backend.tests.test_collection_sheet_fy_strip.TestCollectionSheetApiResponse" name="test_sheet_has_total_and_collected" time="0.059" /><testcase classname="backend.tests.test_collection_sheet_fy_strip.TestEmiYearDataStructure" name="test_rows_have_emi_year_data" time="0.112" /><testcase classname="backend.tests.test_collection_sheet_fy_strip.TestEmiYearDataStructure" name="test_emi_year_data_has_12_items" time="0.000" /><testcase classname="backend.tests.test_collection_sheet_fy_strip.TestEmiYearDataStructure" name="test_emi_year_data_first_item_is_april" time="0.000" /><testcase classname="backend.tests.test_collection_sheet_fy_strip.TestEmiYearDataStructure" name="test_emi_year_data_last_item_is_march" time="0.000" /><testcase classname="backend.tests.test_collection_sheet_fy_strip.TestEmiYearDataStructure" name="test_emi_year_data_months_sequential_apr_to_mar" time="0.000" /><testcase classname="backend.tests.test_collection_sheet_fy_strip.TestEmiYearDataStructure" name="test_emi_year_data_fy_year_correct_for_2026_03" time="0.000" /><testcase classname="backend.tests.test_collection_sheet_fy_strip.TestEmiYearDataStructure" name="test_emi_year_data_items_have_required_keys" time="0.000" /><testcase classname="backend.tests.test_collection_sheet_fy_strip.TestEmiYearDataStructure" name="test_emi_year_data_status_values_valid" time="0.002" /><testcase classname="backend.tests.test_collection_sheet_fy_strip.TestPaidMonthData" name="test_paid_months_have_positive_paid_amount" time="0.000" /><testcase classname="backend.tests.test_collection_sheet_fy_strip.TestPaidMonthData" name="test_test_gyal_customer2_paid_950_in_march" time="0.000" /><testcase classname="backend.tests.test_collection_sheet_fy_strip.TestPaidMonthData" name="test_current_month_march_appears_in_emi_year_data" time="0.000" /><testcase classname="backend.tests.test_collection_sheet_fy_strip.TestLatestClosingYm" name="test_illakas_have_latest_closing_ym" time="0.000" /><testcase classname="backend.tests.test_collection_sheet_fy_strip.TestLatestClosingYm" name="test_delhi_latest_closing_ym_is_2024_03" time="0.000" /><testcase classname="backend.tests.test_collection_sheet_fy_strip.TestFyMonthsForDifferentMonths" name="test_sheet_october_fy_starts_april" time="0.068" /><testcase classname="backend.tests.test_collection_sheet_fy_strip.TestFyMonthsForDifferentMonths" name="test_sheet_april_fy_starts_april" time="0.056" /></testsuite></testsuites>