<?xml version="1.0" encoding="utf-8"?><testsuites name="pytest tests"><testsuite name="pytest" errors="0" failures="0" skipped="0" tests="20" time="2.641" timestamp="2026-03-30T02:41:51.093721+00:00" hostname="agent-env-3db9f81d-7630-46ae-bd53-e926b28219ec"><testcase classname="backend.tests.test_gyal_feature.TestGyalAccountHeads" name="test_bad_debt_written_off_head_exists" time="0.527" /><testcase classname="backend.tests.test_gyal_feature.TestGyalAccountHeads" name="test_gyal_wasool_head_exists" time="0.055" /><testcase classname="backend.tests.test_gyal_feature.TestGyalAccountHeads" name="test_bad_debt_head_is_expense_type" time="0.055" /><testcase classname="backend.tests.test_gyal_feature.TestGyalAccountHeads" name="test_gyal_wasool_head_is_income_type" time="0.078" /><testcase classname="backend.tests.test_gyal_feature.TestYearEndClosingPreview" name="test_preview_requires_auth" time="0.121" /><testcase classname="backend.tests.test_gyal_feature.TestYearEndClosingPreview" name="test_preview_muneem_gets_403" time="0.470" /><testcase classname="backend.tests.test_gyal_feature.TestYearEndClosingPreview" name="test_preview_admin_returns_200" time="0.065" /><testcase classname="backend.tests.test_gyal_feature.TestYearEndClosingPreview" name="test_preview_response_structure" time="0.057" /><testcase classname="backend.tests.test_gyal_feature.TestYearEndClosingPreview" name="test_preview_cutoff_is_36_months_before" time="0.073" /><testcase classname="backend.tests.test_gyal_feature.TestYearEndClosingPreview" name="test_preview_no_loans_for_recent_cutoff" time="0.059" /><testcase classname="backend.tests.test_gyal_feature.TestYearEndClosingWithOldLoan" name="test_01_get_a_misal_for_testing" time="0.057" /><testcase classname="backend.tests.test_gyal_feature.TestYearEndClosingWithOldLoan" name="test_02_create_old_kyc_for_gyal_test" time="0.404" /><testcase classname="backend.tests.test_gyal_feature.TestYearEndClosingWithOldLoan" name="test_03_create_loan_with_old_date" time="0.051" /><testcase classname="backend.tests.test_gyal_feature.TestYearEndClosingWithOldLoan" name="test_04_preview_finds_old_loan" time="0.078" /><testcase classname="backend.tests.test_gyal_feature.TestYearEndClosingWithOldLoan" name="test_05_post_year_end_closing_marks_gyal" time="0.060" /><testcase classname="backend.tests.test_gyal_feature.TestYearEndClosingWithOldLoan" name="test_06_verify_loan_is_now_gyal" time="0.100" /><testcase classname="backend.tests.test_gyal_feature.TestYearEndClosingWithOldLoan" name="test_07_gyal_loan_not_shown_again_in_preview" time="0.059" /><testcase classname="backend.tests.test_gyal_feature.TestYearEndClosingWithOldLoan" name="test_08_muneem_cannot_do_year_end_closing" time="0.051" /><testcase classname="backend.tests.test_gyal_feature.TestCollectionSheetGyalFields" name="test_collection_sheet_has_is_gyal_field" time="0.060" /><testcase classname="backend.tests.test_gyal_feature.TestCollectionSheetGyalFields" name="test_gyal_loan_appears_in_collection_sheet" time="0.057" /></testsuite></testsuites>