<?xml version="1.0" encoding="utf-8"?><testsuites name="pytest tests"><testsuite name="pytest" errors="0" failures="0" skipped="0" tests="13" time="4.869" timestamp="2026-03-28T09:56:08.581003+00:00" hostname="agent-env-83513a9c-78e4-469f-b323-7eac82f4babb"><testcase classname="backend.tests.test_hindi_transliteration.TestTransliterateEndpoint" name="test_transliterate_ram_kumar_returns_devanagari" time="2.347" /><testcase classname="backend.tests.test_hindi_transliteration.TestTransliterateEndpoint" name="test_transliterate_empty_text_returns_empty" time="0.045" /><testcase classname="backend.tests.test_hindi_transliteration.TestTransliterateEndpoint" name="test_transliterate_whitespace_only_returns_empty" time="0.043" /><testcase classname="backend.tests.test_hindi_transliteration.TestTransliterateEndpoint" name="test_transliterate_common_indian_name" time="1.159" /><testcase classname="backend.tests.test_hindi_transliteration.TestTransliterateEndpoint" name="test_transliterate_requires_auth" time="0.100" /><testcase classname="backend.tests.test_hindi_transliteration.TestKYCWithHindiNames" name="test_kyc_creation_with_name_hindi_persists" time="0.587" /><testcase classname="backend.tests.test_hindi_transliteration.TestKYCWithHindiNames" name="test_kyc_creation_without_hindi_names_allowed" time="0.047" /><testcase classname="backend.tests.test_hindi_transliteration.TestKYCWithHindiNames" name="test_kyc_with_hindi_auto_loan_has_client_name_hindi" time="0.108" /><testcase classname="backend.tests.test_hindi_transliteration.TestCollectionSheetHindi" name="test_collection_sheet_has_hindi_name_fields" time="0.047" /><testcase classname="backend.tests.test_hindi_transliteration.TestCollectionSheetHindi" name="test_collection_sheet_hindi_names_correct_for_hindi_kyc" time="0.092" /><testcase classname="backend.tests.test_hindi_transliteration.TestLoanHindiName" name="test_loan_list_new_loan_has_client_name_hindi_field" time="0.104" /><testcase classname="backend.tests.test_hindi_transliteration.TestLoanHindiName" name="test_loan_detail_new_loan_has_client_name_hindi" time="0.046" /><testcase classname="backend.tests.test_hindi_transliteration.TestLoanHindiName" name="test_old_loans_missing_client_name_hindi_is_known_behavior" time="0.051" /></testsuite></testsuites>