<?xml version="1.0" encoding="utf-8"?><testsuites name="pytest tests"><testsuite name="pytest" errors="0" failures="0" skipped="0" tests="20" time="2.384" timestamp="2026-03-28T19:05:39.914489+00:00" hostname="agent-env-bbf6cb00-1c36-453f-9812-79ab8750934f"><testcase classname="backend.tests.test_illaka_feature.TestIllakasList" name="test_admin_can_list_illakas" time="0.716" /><testcase classname="backend.tests.test_illaka_feature.TestIllakasList" name="test_illakas_have_required_fields" time="0.044" /><testcase classname="backend.tests.test_illaka_feature.TestIllakasList" name="test_sipahi_can_list_their_illakas" time="0.410" /><testcase classname="backend.tests.test_illaka_feature.TestIllakasList" name="test_unauthenticated_cannot_list_illakas" time="0.136" /><testcase classname="backend.tests.test_illaka_feature.TestMisalsList" name="test_admin_can_list_all_misals" time="0.043" /><testcase classname="backend.tests.test_illaka_feature.TestMisalsList" name="test_misals_filter_by_illaka_id" time="0.091" /><testcase classname="backend.tests.test_illaka_feature.TestMisalsList" name="test_misals_invalid_illaka_id_returns_empty" time="0.041" /><testcase classname="backend.tests.test_illaka_feature.TestDashboardStatsIllakaFilter" name="test_dashboard_stats_without_illaka_filter" time="0.050" /><testcase classname="backend.tests.test_illaka_feature.TestDashboardStatsIllakaFilter" name="test_dashboard_stats_with_valid_illaka_id" time="0.090" /><testcase classname="backend.tests.test_illaka_feature.TestDashboardStatsIllakaFilter" name="test_dashboard_stats_illaka_filter_reduces_count" time="0.047" /><testcase classname="backend.tests.test_illaka_feature.TestCollectionsSheetIllakaFilter" name="test_collection_sheet_without_filter" time="0.053" /><testcase classname="backend.tests.test_illaka_feature.TestCollectionsSheetIllakaFilter" name="test_collection_sheet_with_illaka_id" time="0.086" /><testcase classname="backend.tests.test_illaka_feature.TestCollectionsSheetIllakaFilter" name="test_collection_sheet_nonexistent_illaka_returns_empty" time="0.044" /><testcase classname="backend.tests.test_illaka_feature.TestCollectionsSheetIllakaFilter" name="test_collection_sheet_with_month_param" time="0.045" /><testcase classname="backend.tests.test_illaka_feature.TestLoansIllakaFilter" name="test_loans_without_illaka_filter" time="0.061" /><testcase classname="backend.tests.test_illaka_feature.TestLoansIllakaFilter" name="test_loans_with_valid_illaka_id" time="0.100" /><testcase classname="backend.tests.test_illaka_feature.TestLoansIllakaFilter" name="test_loans_nonexistent_illaka_returns_empty" time="0.045" /><testcase classname="backend.tests.test_illaka_feature.TestKYCsIllakaFilter" name="test_kycs_without_illaka_filter" time="0.048" /><testcase classname="backend.tests.test_illaka_feature.TestKYCsIllakaFilter" name="test_kycs_with_valid_illaka_id" time="0.088" /><testcase classname="backend.tests.test_illaka_feature.TestKYCsIllakaFilter" name="test_kycs_nonexistent_illaka_returns_empty" time="0.051" /></testsuite></testsuites>