<?xml version="1.0" encoding="utf-8"?><testsuites name="pytest tests"><testsuite name="pytest" errors="0" failures="0" skipped="1" tests="17" time="2.299" timestamp="2026-03-28T10:40:34.500388+00:00" hostname="agent-env-83513a9c-78e4-469f-b323-7eac82f4babb"><testcase classname="backend.tests.test_loan_passbook.TestHealthCheck" name="test_backend_reachable" time="0.441" /><testcase classname="backend.tests.test_loan_passbook.TestKycIdFilter" name="test_kyc_id_filter_admin_returns_loans" time="0.430" /><testcase classname="backend.tests.test_loan_passbook.TestKycIdFilter" name="test_kyc_id_filter_returns_loan_number" time="0.049" /><testcase classname="backend.tests.test_loan_passbook.TestKycIdFilter" name="test_kyc_id_filter_loan_has_emi_schedule" time="0.046" /><testcase classname="backend.tests.test_loan_passbook.TestKycIdFilter" name="test_kyc_id_filter_loan_has_required_fields" time="0.048" /><testcase classname="backend.tests.test_loan_passbook.TestKycIdFilter" name="test_kyc_id_filter_unknown_returns_empty" time="0.048" /><testcase classname="backend.tests.test_loan_passbook.TestKycIdFilter" name="test_kyc_id_filter_not_mixing_other_kycs" time="0.047" /><testcase classname="backend.tests.test_loan_passbook.TestKycIdFilter" name="test_kyc_id_filter_sipahi_can_access" time="0.389" /><testcase classname="backend.tests.test_loan_passbook.TestKycIdFilter" name="test_kyc_id_filter_unauthenticated_fails" time="0.095" /><testcase classname="backend.tests.test_loan_passbook.TestLoanResponseStructure" name="test_loan_status_badge_values" time="0.047" /><testcase classname="backend.tests.test_loan_passbook.TestLoanResponseStructure" name="test_emi_schedule_entry_structure" time="0.049" /><testcase classname="backend.tests.test_loan_passbook.TestLoanResponseStructure" name="test_loan_financial_fields_are_numbers" time="0.049" /><testcase classname="backend.tests.test_loan_passbook.TestCollectAndUndo" name="test_get_loan_payments" time="0.099" /><testcase classname="backend.tests.test_loan_passbook.TestCollectAndUndo" name="test_collect_emi_and_verify" time="0.184" /><testcase classname="backend.tests.test_loan_passbook.TestCollectAndUndo" name="test_collect_already_paid_emi_fails" time="0.047"><skipped type="pytest.skip" message="No paid EMIs found - cannot test duplicate collection">/app/backend/tests/test_loan_passbook.py:311: No paid EMIs found - cannot test duplicate collection</skipped></testcase><testcase classname="backend.tests.test_loan_passbook.TestKycEndpoint" name="test_get_known_kyc" time="0.048" /><testcase classname="backend.tests.test_loan_passbook.TestKycEndpoint" name="test_kyc_id_format_matches_loan_filter" time="0.090" /></testsuite></testsuites>