<?xml version="1.0" encoding="utf-8"?><testsuites name="pytest tests"><testsuite name="pytest" errors="0" failures="0" skipped="0" tests="16" time="1.697" timestamp="2026-03-28T07:12:02.969437+00:00" hostname="agent-env-8f973cf5-b70b-42f1-81b7-17070b8e3e3b"><testcase classname="backend.tests.test_loans_emi.TestLoanEMICalc" name="test_loan_created_with_correct_emi" time="0.901" /><testcase classname="backend.tests.test_loans_emi.TestLoanEMICalc" name="test_loan_total_repayable" time="0.000" /><testcase classname="backend.tests.test_loans_emi.TestLoanEMICalc" name="test_loan_interest_amount" time="0.000" /><testcase classname="backend.tests.test_loans_emi.TestLoanEMICalc" name="test_emi_schedule_has_12_items" time="0.000" /><testcase classname="backend.tests.test_loans_emi.TestLoanEMICalc" name="test_first_emi_due_month_is_next_month" time="0.000" /><testcase classname="backend.tests.test_loans_emi.TestLoanEMICalc" name="test_interest_rate_fixed_17" time="0.000" /><testcase classname="backend.tests.test_loans_emi.TestLoanGet" name="test_get_loan_returns_emi_schedule" time="0.042" /><testcase classname="backend.tests.test_loans_emi.TestLoanGet" name="test_past_emis_are_overdue" time="0.041" /><testcase classname="backend.tests.test_loans_emi.TestCollectEMI" name="test_collect_emi_marks_as_paid" time="0.098" /><testcase classname="backend.tests.test_loans_emi.TestCollectEMI" name="test_double_collect_returns_400" time="0.043" /><testcase classname="backend.tests.test_loans_emi.TestUndoEMI" name="test_undo_emi_admin_allowed" time="0.176" /><testcase classname="backend.tests.test_loans_emi.TestUndoEMI" name="test_undo_emi_sipahi_forbidden" time="0.045" /><testcase classname="backend.tests.test_loans_emi.TestDuplicateAadhaar" name="test_duplicate_aadhaar_returns_400" time="0.087" /><testcase classname="backend.tests.test_loans_emi.TestLoanList" name="test_list_loans_returns_data" time="0.044" /><testcase classname="backend.tests.test_loans_emi.TestLoanList" name="test_list_loans_have_status" time="0.046" /><testcase classname="backend.tests.test_loans_emi.TestLoanList" name="test_kyc_with_disbursement_creates_loan" time="0.097" /></testsuite></testsuites>