<?xml version="1.0" encoding="utf-8"?><testsuites name="pytest tests"><testsuite name="pytest" errors="0" failures="0" skipped="0" tests="18" time="2.476" timestamp="2026-03-27T14:23:03.434301+00:00" hostname="agent-env-8f973cf5-b70b-42f1-81b7-17070b8e3e3b"><testcase classname="backend.tests.test_loans.TestLoanCRUD" name="test_admin_cannot_create_loan" time="0.452" /><testcase classname="backend.tests.test_loans.TestLoanCRUD" name="test_sipahi_can_create_loan" time="0.772" /><testcase classname="backend.tests.test_loans.TestLoanCRUD" name="test_list_loans_admin" time="0.048" /><testcase classname="backend.tests.test_loans.TestLoanCRUD" name="test_list_loans_with_status_filter" time="0.051" /><testcase classname="backend.tests.test_loans.TestLoanCRUD" name="test_list_loans_with_search" time="0.047" /><testcase classname="backend.tests.test_loans.TestLoanCRUD" name="test_get_loan_by_id" time="0.047" /><testcase classname="backend.tests.test_loans.TestLoanCRUD" name="test_get_loan_not_found" time="0.046" /><testcase classname="backend.tests.test_loans.TestLoanCRUD" name="test_dashboard_has_loan_stats" time="0.053" /><testcase classname="backend.tests.test_loans.TestLoanStatus" name="test_admin_can_update_status" time="0.098" /><testcase classname="backend.tests.test_loans.TestLoanStatus" name="test_sipahi_cannot_update_status" time="0.057" /><testcase classname="backend.tests.test_loans.TestLoanStatus" name="test_invalid_status_rejected" time="0.056" /><testcase classname="backend.tests.test_loans.TestPayments" name="test_add_payment" time="0.053" /><testcase classname="backend.tests.test_loans.TestPayments" name="test_total_paid_updates_after_payment" time="0.131" /><testcase classname="backend.tests.test_loans.TestPayments" name="test_list_payments" time="0.047" /><testcase classname="backend.tests.test_loans.TestPayments" name="test_delete_payment_by_admin" time="0.207" /><testcase classname="backend.tests.test_loans.TestPayments" name="test_sipahi_cannot_delete_payment" time="0.121" /><testcase classname="backend.tests.test_loans.TestKYCSearch" name="test_kyc_search_by_name" time="0.050" /><testcase classname="backend.tests.test_loans.TestKYCSearch" name="test_kyc_search_returns_fields_for_loan" time="0.058" /></testsuite></testsuites>