<?xml version="1.0" encoding="utf-8"?><testsuites name="pytest tests"><testsuite name="pytest" errors="0" failures="0" skipped="0" tests="16" time="2.173" timestamp="2026-03-28T08:13:21.196501+00:00" hostname="agent-env-83513a9c-78e4-469f-b323-7eac82f4babb"><testcase classname="backend.tests.test_new_features.TestCustomerIDGeneration" name="test_customer_id_format_on_kyc_creation" time="1.054" /><testcase classname="backend.tests.test_new_features.TestCustomerIDGeneration" name="test_customer_id_sequential" time="0.088" /><testcase classname="backend.tests.test_new_features.TestCustomerIDGeneration" name="test_customer_id_stored_in_kyc" time="0.091" /><testcase classname="backend.tests.test_new_features.TestLoanNumberGeneration" name="test_auto_loan_has_loan_number" time="0.104" /><testcase classname="backend.tests.test_new_features.TestLoanNumberGeneration" name="test_standalone_loan_has_loan_number" time="0.045" /><testcase classname="backend.tests.test_new_features.TestLoanNumberGeneration" name="test_second_loan_for_same_kyc_increments" time="0.129" /><testcase classname="backend.tests.test_new_features.TestMobileUniqueness" name="test_duplicate_mobile_returns_400" time="0.091" /><testcase classname="backend.tests.test_new_features.TestMobileUniqueness" name="test_different_mobile_succeeds" time="0.087" /><testcase classname="backend.tests.test_new_features.TestMobileUniqueness" name="test_no_phone_kyc_allowed" time="0.044" /><testcase classname="backend.tests.test_new_features.TestCollectionSheetAPI" name="test_collection_sheet_returns_correct_structure" time="0.050" /><testcase classname="backend.tests.test_new_features.TestCollectionSheetAPI" name="test_collection_sheet_month_param" time="0.050" /><testcase classname="backend.tests.test_new_features.TestCollectionSheetAPI" name="test_collection_sheet_illakas_structure" time="0.049" /><testcase classname="backend.tests.test_new_features.TestCollectionSheetAPI" name="test_collection_sheet_collected_count" time="0.048" /><testcase classname="backend.tests.test_new_features.TestCollectionSheetAPI" name="test_collection_sheet_sipahi_sees_own_loans" time="0.044" /><testcase classname="backend.tests.test_new_features.TestLoanNumberInList" name="test_loan_list_has_loan_number_field" time="0.050" /><testcase classname="backend.tests.test_new_features.TestLoanNumberInList" name="test_kyc_list_has_customer_id_field" time="0.050" /></testsuite></testsuites>