<?xml version="1.0" encoding="utf-8"?><testsuites name="pytest tests"><testsuite name="pytest" errors="0" failures="1" skipped="0" tests="7" time="2.619" timestamp="2026-03-27T17:47:19.891687+00:00" hostname="agent-env-8f973cf5-b70b-42f1-81b7-17070b8e3e3b"><testcase classname="backend.tests.test_new_features.TestOcrAadhaarBack" name="test_endpoint_exists_and_not_404" time="0.899" /><testcase classname="backend.tests.test_new_features.TestOcrAadhaarBack" name="test_endpoint_returns_json" time="0.482" /><testcase classname="backend.tests.test_new_features.TestOcrAadhaarBack" name="test_endpoint_requires_auth" time="0.151" /><testcase classname="backend.tests.test_new_features.TestDuplicateAadhaar" name="test_duplicate_aadhaar_with_spaces_blocked" time="0.203" /><testcase classname="backend.tests.test_new_features.TestDuplicateAadhaar" name="test_duplicate_aadhaar_without_spaces_blocked" time="0.188" /><testcase classname="backend.tests.test_new_features.TestDuplicateAadhaar" name="test_unique_aadhaar_allowed" time="0.209"><failure message="AssertionError: Unique Aadhaar was blocked by duplicate check: {&quot;detail&quot;:&quot;KYC already exists for Aadhaar 9999 8888 7777. Duplicate entry not allowed / इस आधार नंबर से KYC पहले से मौजूद है।&quot;}&#10;assert (400 != 400 or 'Duplicate' not in 'KYC already...से मौजूद है।'&#10; +  where 400 = &lt;Response [400]&gt;.status_code&#10;  &#10;  'Duplicate' is contained here:&#10;    KYC already exists for Aadhaar 9999 8888 7777. Duplicate entry not allowed / इस आधार नंबर से KYC पहले से मौजूद है।&#10;  ?                                                +++++++++)">backend/tests/test_new_features.py:145: in test_unique_aadhaar_allowed
    assert r.status_code != 400 or "Duplicate" not in r.json().get("detail", ""), \
E   AssertionError: Unique Aadhaar was blocked by duplicate check: {"detail":"KYC already exists for Aadhaar 9999 8888 7777. Duplicate entry not allowed / इस आधार नंबर से KYC पहले से मौजूद है।"}
E   assert (400 != 400 or 'Duplicate' not in 'KYC already...से मौजूद है।'
E    +  where 400 = &lt;Response [400]&gt;.status_code
E     
E     'Duplicate' is contained here:
E       KYC already exists for Aadhaar 9999 8888 7777. Duplicate entry not allowed / इस आधार नंबर से KYC पहले से मौजूद है।
E     ?                                                +++++++++)</failure></testcase><testcase classname="backend.tests.test_new_features.TestRelativeNameField" name="test_kycs_list_includes_relative_name_structure" time="0.393" /></testsuite></testsuites>