<?xml version="1.0" encoding="utf-8"?><testsuites name="pytest tests"><testsuite name="pytest" errors="0" failures="0" skipped="0" tests="17" time="1.081" timestamp="2026-07-13T09:55:13.808131+00:00" hostname="agent-env-8fafb7bf-8ee5-4009-bd79-af6338587ff6"><testcase classname="backend.tests.test_nonnetoff_reloan_merge.TestNonNetoffReloanMerge" name="test_biharipur_sheet_loads" time="0.667" /><testcase classname="backend.tests.test_nonnetoff_reloan_merge.TestNonNetoffReloanMerge" name="test_bi0021_l1_not_present_as_separate_row" time="0.000" /><testcase classname="backend.tests.test_nonnetoff_reloan_merge.TestNonNetoffReloanMerge" name="test_bi0021_l2_present_as_merged_row" time="0.000" /><testcase classname="backend.tests.test_nonnetoff_reloan_merge.TestNonNetoffReloanMerge" name="test_bi0021_merged_row_inherits_display_order" time="0.000" /><testcase classname="backend.tests.test_nonnetoff_reloan_merge.TestNonNetoffReloanMerge" name="test_bi0021_merged_row_position_between_bi0020_and_bi0022" time="0.000" /><testcase classname="backend.tests.test_nonnetoff_reloan_merge.TestNonNetoffReloanMerge" name="test_bi0021_merged_row_has_fy_strip_data" time="0.000" /><testcase classname="backend.tests.test_nonnetoff_reloan_merge.TestNonNetoffReloanMerge" name="test_bi0021_merged_row_new_loan_in_fy_true" time="0.000" /><testcase classname="backend.tests.test_nonnetoff_reloan_merge.TestChainStartSymbol" name="test_chain_start_present_in_biharipur_sheet" time="0.000" /><testcase classname="backend.tests.test_nonnetoff_reloan_merge.TestChainStartSymbol" name="test_chain_start_at_correct_month" time="0.000" /><testcase classname="backend.tests.test_nonnetoff_reloan_merge.TestChainStartSymbol" name="test_bi0021_april_emi_paid_shows_paid_not_chain_start" time="0.000" /><testcase classname="backend.tests.test_nonnetoff_reloan_merge.TestRampurNetoffRegression" name="test_rampur_sheet_loads" time="0.068" /><testcase classname="backend.tests.test_nonnetoff_reloan_merge.TestRampurNetoffRegression" name="test_ra_l1_parents_not_shown_separately" time="0.000" /><testcase classname="backend.tests.test_nonnetoff_reloan_merge.TestRampurNetoffRegression" name="test_ra_l2_rows_have_is_netoff_combined" time="0.000" /><testcase classname="backend.tests.test_nonnetoff_reloan_merge.TestRampurNetoffRegression" name="test_ra_reloans_disbursed_before_fy_have_full_na_strip" time="0.000" /><testcase classname="backend.tests.test_nonnetoff_reloan_merge.TestSheetSanity" name="test_illakas_list_has_biharipur_and_rampur" time="0.054" /><testcase classname="backend.tests.test_nonnetoff_reloan_merge.TestSheetSanity" name="test_global_sheet_loads" time="0.201" /><testcase classname="backend.tests.test_nonnetoff_reloan_merge.TestSheetSanity" name="test_merged_rows_not_counted_double" time="0.000" /></testsuite></testsuites>