<?xml version="1.0" encoding="utf-8"?><testsuites name="pytest tests"><testsuite name="pytest" errors="0" failures="0" skipped="0" tests="32" time="4.396" timestamp="2026-03-31T15:53:34.225886+00:00" hostname="agent-env-37fd3481-c81f-48f3-899e-b861e629b8be"><testcase classname="backend.tests.test_passkey_webauthn.TestPasskeyAuthOptions" name="test_auth_options_status_200" time="0.180" /><testcase classname="backend.tests.test_passkey_webauthn.TestPasskeyAuthOptions" name="test_auth_options_returns_challenge" time="0.050" /><testcase classname="backend.tests.test_passkey_webauthn.TestPasskeyAuthOptions" name="test_auth_options_returns_rpid" time="0.055" /><testcase classname="backend.tests.test_passkey_webauthn.TestPasskeyAuthOptions" name="test_auth_options_sets_wauthn_session_cookie" time="0.048" /><testcase classname="backend.tests.test_passkey_webauthn.TestPasskeyAuthOptions" name="test_auth_options_returns_timeout" time="0.049" /><testcase classname="backend.tests.test_passkey_webauthn.TestPasskeyAuthOptions" name="test_auth_options_stores_challenge_in_db" time="0.101" /><testcase classname="backend.tests.test_passkey_webauthn.TestPasskeyRegisterOptions" name="test_register_options_requires_auth" time="0.052" /><testcase classname="backend.tests.test_passkey_webauthn.TestPasskeyRegisterOptions" name="test_register_options_with_auth_returns_200" time="0.395" /><testcase classname="backend.tests.test_passkey_webauthn.TestPasskeyRegisterOptions" name="test_register_options_rp_id_correct" time="0.049" /><testcase classname="backend.tests.test_passkey_webauthn.TestPasskeyRegisterOptions" name="test_register_options_rp_name" time="0.057" /><testcase classname="backend.tests.test_passkey_webauthn.TestPasskeyRegisterOptions" name="test_register_options_has_challenge" time="0.048" /><testcase classname="backend.tests.test_passkey_webauthn.TestPasskeyRegisterOptions" name="test_register_options_has_user_field" time="0.054" /><testcase classname="backend.tests.test_passkey_webauthn.TestPasskeyRegisterOptions" name="test_register_options_no_public_key_exposed" time="0.050" /><testcase classname="backend.tests.test_passkey_webauthn.TestLoginHasPasskeys" name="test_login_returns_200" time="0.278" /><testcase classname="backend.tests.test_passkey_webauthn.TestLoginHasPasskeys" name="test_login_response_has_passkeys_field" time="0.282" /><testcase classname="backend.tests.test_passkey_webauthn.TestLoginHasPasskeys" name="test_login_response_no_raw_passkeys_array" time="0.274" /><testcase classname="backend.tests.test_passkey_webauthn.TestLoginHasPasskeys" name="test_login_response_no_password_hash" time="0.454" /><testcase classname="backend.tests.test_passkey_webauthn.TestLoginHasPasskeys" name="test_login_response_no_webauthn_challenge" time="0.281" /><testcase classname="backend.tests.test_passkey_webauthn.TestLoginHasPasskeys" name="test_login_invalid_credentials_returns_401" time="0.296" /><testcase classname="backend.tests.test_passkey_webauthn.TestLoginHasPasskeys" name="test_muneem_login_has_passkeys_field" time="0.280" /><testcase classname="backend.tests.test_passkey_webauthn.TestMeHasPasskeys" name="test_me_requires_auth" time="0.120" /><testcase classname="backend.tests.test_passkey_webauthn.TestMeHasPasskeys" name="test_me_returns_has_passkeys" time="0.047" /><testcase classname="backend.tests.test_passkey_webauthn.TestMeHasPasskeys" name="test_me_no_raw_passkeys_array" time="0.053" /><testcase classname="backend.tests.test_passkey_webauthn.TestMeHasPasskeys" name="test_me_no_password_hash" time="0.052" /><testcase classname="backend.tests.test_passkey_webauthn.TestMeHasPasskeys" name="test_me_includes_user_fields" time="0.048" /><testcase classname="backend.tests.test_passkey_webauthn.TestPasskeyList" name="test_passkey_list_requires_auth" time="0.175" /><testcase classname="backend.tests.test_passkey_webauthn.TestPasskeyList" name="test_passkey_list_returns_200_with_auth" time="0.062" /><testcase classname="backend.tests.test_passkey_webauthn.TestPasskeyList" name="test_passkey_list_is_array" time="0.053" /><testcase classname="backend.tests.test_passkey_webauthn.TestPasskeyList" name="test_passkey_list_no_public_key_in_items" time="0.079" /><testcase classname="backend.tests.test_passkey_webauthn.TestPasskeyList" name="test_passkey_list_items_have_expected_fields" time="0.050" /><testcase classname="backend.tests.test_passkey_webauthn.TestPasskeyAuthVerifyErrorCases" name="test_auth_verify_missing_credential_id_400" time="0.052" /><testcase classname="backend.tests.test_passkey_webauthn.TestPasskeyAuthVerifyErrorCases" name="test_auth_verify_without_session_cookie_400" time="0.166" /></testsuite></testsuites>