<?xml version="1.0" encoding="utf-8"?><testsuites name="pytest tests"><testsuite name="pytest" errors="0" failures="0" skipped="0" tests="13" time="4.296" timestamp="2026-03-28T18:49:53.062048+00:00" hostname="agent-env-bbf6cb00-1c36-453f-9812-79ab8750934f"><testcase classname="backend.tests.test_phone_login.TestPhoneLogin" name="test_admin_login_with_phone_success" time="0.347" /><testcase classname="backend.tests.test_phone_login.TestPhoneLogin" name="test_sipahi_login_with_phone_success" time="0.329" /><testcase classname="backend.tests.test_phone_login.TestPhoneLogin" name="test_login_wrong_phone_returns_401" time="0.091" /><testcase classname="backend.tests.test_phone_login.TestPhoneLogin" name="test_login_wrong_password_returns_401" time="0.334" /><testcase classname="backend.tests.test_phone_login.TestPhoneLogin" name="test_login_with_email_field_fails" time="0.125" /><testcase classname="backend.tests.test_phone_login.TestPhoneLogin" name="test_login_missing_phone_field_returns_422" time="0.153" /><testcase classname="backend.tests.test_phone_login.TestPhoneLogin" name="test_login_empty_phone_returns_401" time="0.103" /><testcase classname="backend.tests.test_phone_login.TestPhoneLoginCookieSession" name="test_login_sets_httponly_cookie" time="0.339" /><testcase classname="backend.tests.test_phone_login.TestPhoneLoginCookieSession" name="test_auth_me_after_login" time="0.380" /><testcase classname="backend.tests.test_phone_login.TestPhoneLoginCookieSession" name="test_auth_me_without_login_returns_401" time="0.109" /><testcase classname="backend.tests.test_phone_login.TestUserCreationWithPhone" name="test_create_user_with_phone_required" time="0.603" /><testcase classname="backend.tests.test_phone_login.TestUserCreationWithPhone" name="test_create_user_without_phone_fails" time="0.408" /><testcase classname="backend.tests.test_phone_login.TestUserCreationWithPhone" name="test_create_user_with_phone_and_email" time="0.911" /></testsuite></testsuites>