<?xml version="1.0" encoding="utf-8"?><testsuites name="pytest tests"><testsuite name="pytest" errors="0" failures="0" skipped="0" tests="23" time="4.382" timestamp="2026-03-27T14:13:40.649884+00:00" hostname="agent-env-8f973cf5-b70b-42f1-81b7-17070b8e3e3b"><testcase classname="backend.tests.test_bahikhata.TestAuth" name="test_login_success" time="0.380" /><testcase classname="backend.tests.test_bahikhata.TestAuth" name="test_login_invalid_credentials" time="0.335" /><testcase classname="backend.tests.test_bahikhata.TestAuth" name="test_get_me" time="0.386" /><testcase classname="backend.tests.test_bahikhata.TestAuth" name="test_logout" time="0.386" /><testcase classname="backend.tests.test_bahikhata.TestDashboard" name="test_dashboard_stats" time="0.050" /><testcase classname="backend.tests.test_bahikhata.TestDashboard" name="test_dashboard_requires_auth" time="0.112" /><testcase classname="backend.tests.test_bahikhata.TestUsers" name="test_list_users" time="0.045" /><testcase classname="backend.tests.test_bahikhata.TestUsers" name="test_create_user" time="0.269" /><testcase classname="backend.tests.test_bahikhata.TestUsers" name="test_create_duplicate_user" time="0.047" /><testcase classname="backend.tests.test_bahikhata.TestUsers" name="test_deactivate_user" time="0.044" /><testcase classname="backend.tests.test_bahikhata.TestKYC" name="test_list_kycs" time="0.047" /><testcase classname="backend.tests.test_bahikhata.TestKYC" name="test_create_kyc" time="0.796" /><testcase classname="backend.tests.test_bahikhata.TestKYC" name="test_get_kyc" time="0.047" /><testcase classname="backend.tests.test_bahikhata.TestKYC" name="test_update_kyc_status" time="0.046" /><testcase classname="backend.tests.test_bahikhata.TestIllakas" name="test_list_illakas" time="0.045" /><testcase classname="backend.tests.test_bahikhata.TestIllakas" name="test_create_illaka" time="0.046" /><testcase classname="backend.tests.test_bahikhata.TestIllakas" name="test_create_misal" time="0.047" /><testcase classname="backend.tests.test_bahikhata.TestIllakas" name="test_list_misals_by_illaka" time="0.044" /><testcase classname="backend.tests.test_bahikhata.TestIllakas" name="test_dashboard_has_sipahi_count" time="0.047" /><testcase classname="backend.tests.test_bahikhata.TestSipahiUser" name="test_create_sipahi" time="0.267" /><testcase classname="backend.tests.test_bahikhata.TestSipahiUser" name="test_sipahi_login" time="0.325" /><testcase classname="backend.tests.test_bahikhata.TestSipahiUser" name="test_sipahi_sees_assigned_illakas" time="0.430" /><testcase classname="backend.tests.test_bahikhata.TestSipahiUser" name="test_cleanup_sipahi" time="0.054" /></testsuite></testsuites>