<?xml version="1.0" encoding="utf-8"?><testsuites name="pytest tests"><testsuite name="pytest" errors="0" failures="0" skipped="0" tests="14" time="2.576" timestamp="2026-03-27T12:13:33.821023+00:00" hostname="agent-env-8f973cf5-b70b-42f1-81b7-17070b8e3e3b"><testcase classname="backend.tests.test_bahikhata.TestAuth" name="test_login_success" time="0.456" /><testcase classname="backend.tests.test_bahikhata.TestAuth" name="test_login_invalid_credentials" time="0.375" /><testcase classname="backend.tests.test_bahikhata.TestAuth" name="test_get_me" time="0.391" /><testcase classname="backend.tests.test_bahikhata.TestAuth" name="test_logout" time="0.388" /><testcase classname="backend.tests.test_bahikhata.TestDashboard" name="test_dashboard_stats" time="0.053" /><testcase classname="backend.tests.test_bahikhata.TestDashboard" name="test_dashboard_requires_auth" time="0.146" /><testcase classname="backend.tests.test_bahikhata.TestUsers" name="test_list_users" time="0.051" /><testcase classname="backend.tests.test_bahikhata.TestUsers" name="test_create_user" time="0.273" /><testcase classname="backend.tests.test_bahikhata.TestUsers" name="test_create_duplicate_user" time="0.049" /><testcase classname="backend.tests.test_bahikhata.TestUsers" name="test_deactivate_user" time="0.051" /><testcase classname="backend.tests.test_bahikhata.TestKYC" name="test_list_kycs" time="0.100" /><testcase classname="backend.tests.test_bahikhata.TestKYC" name="test_create_kyc" time="0.052" /><testcase classname="backend.tests.test_bahikhata.TestKYC" name="test_get_kyc" time="0.057" /><testcase classname="backend.tests.test_bahikhata.TestKYC" name="test_update_kyc_status" time="0.057" /></testsuite></testsuites>