<?xml version="1.0" encoding="utf-8"?><testsuites name="pytest tests"><testsuite name="pytest" errors="0" failures="0" skipped="0" tests="29" time="1.073" timestamp="2026-04-01T13:01:28.201850+00:00" hostname="agent-env-b523dde6-d86f-4a83-b3a5-2d3ea95df651"><testcase classname="backend.tests.test_collection_sheet_3chain.TestFY202324RA0030ThreeChain" name="test_sheet_200" time="0.584" /><testcase classname="backend.tests.test_collection_sheet_3chain.TestFY202324RA0030ThreeChain" name="test_ra0030_is_l3" time="0.075" /><testcase classname="backend.tests.test_collection_sheet_3chain.TestFY202324RA0030ThreeChain" name="test_ra0030_is_netoff_combined" time="0.000" /><testcase classname="backend.tests.test_collection_sheet_3chain.TestFY202324RA0030ThreeChain" name="test_ra0030_new_loan_in_fy_true" time="0.000" /><testcase classname="backend.tests.test_collection_sheet_3chain.TestFY202324RA0030ThreeChain" name="test_ra0030_prev_opening_balance_1000" time="0.000" /><testcase classname="backend.tests.test_collection_sheet_3chain.TestFY202324RA0030ThreeChain" name="test_ra0030_prev_loan_date_jul_2022" time="0.000" /><testcase classname="backend.tests.test_collection_sheet_3chain.TestFY202324RA0030ThreeChain" name="test_ra0030_total_repayable_36000" time="0.000" /><testcase classname="backend.tests.test_collection_sheet_3chain.TestFY202324RA0030ThreeChain" name="test_ra0030_extra_kisht_entries_has_l2" time="0.000" /><testcase classname="backend.tests.test_collection_sheet_3chain.TestFY202324RA0030ThreeChain" name="test_ra0030_extra_kisht_l2_amount_24000" time="0.000" /><testcase classname="backend.tests.test_collection_sheet_3chain.TestFY202324RA0030ThreeChain" name="test_ra0030_extra_kisht_l2_date_aug_2023" time="0.000" /><testcase classname="backend.tests.test_collection_sheet_3chain.TestFY202324RA0030ThreeChain" name="test_ra0030_fy_strip_chain_start_aug_2023" time="0.000" /><testcase classname="backend.tests.test_collection_sheet_3chain.TestFY202324RA0030ThreeChain" name="test_ra0030_fy_strip_chain_start_mar_2024" time="0.000" /><testcase classname="backend.tests.test_collection_sheet_3chain.TestFY202324RA0030ThreeChain" name="test_ra0030_fy_strip_no_netoff_jul_2023" time="0.000" /><testcase classname="backend.tests.test_collection_sheet_3chain.TestFY202324RA0030ThreeChain" name="test_ra0030_fy_strip_two_chain_starts_total" time="0.000" /><testcase classname="backend.tests.test_collection_sheet_3chain.TestFY202324RA0022Regression" name="test_ra0022_prev_opening_balance_18000" time="0.071" /><testcase classname="backend.tests.test_collection_sheet_3chain.TestFY202324RA0022Regression" name="test_ra0022_prev_loan_date_2022_12" time="0.000" /><testcase classname="backend.tests.test_collection_sheet_3chain.TestFY202324RA0022Regression" name="test_ra0022_new_loan_in_fy_false" time="0.000" /><testcase classname="backend.tests.test_collection_sheet_3chain.TestFY202324RA0022Regression" name="test_ra0022_extra_kisht_entries_empty" time="0.000" /><testcase classname="backend.tests.test_collection_sheet_3chain.TestFY202324RA0022Regression" name="test_ra0022_fy_strip_no_chain_start_or_netoff" time="0.000" /><testcase classname="backend.tests.test_collection_sheet_3chain.TestFY202223RA0022Chain" name="test_ra0022_new_loan_in_fy_true_in_fy_2022_23" time="0.068" /><testcase classname="backend.tests.test_collection_sheet_3chain.TestFY202223RA0022Chain" name="test_ra0022_prev_opening_balance_2000" time="0.000" /><testcase classname="backend.tests.test_collection_sheet_3chain.TestFY202223RA0022Chain" name="test_ra0022_prev_loan_date_jan_2022" time="0.000" /><testcase classname="backend.tests.test_collection_sheet_3chain.TestFY202223RA0022Chain" name="test_ra0022_fy_strip_chain_start_dec_2022" time="0.000" /><testcase classname="backend.tests.test_collection_sheet_3chain.TestFY202223RA0022Chain" name="test_ra0022_extra_kisht_entries_empty_in_fy_2022_23" time="0.000" /><testcase classname="backend.tests.test_collection_sheet_3chain.TestCurrentFYExtraKishtEntriesField" name="test_sheet_200_current_fy" time="0.084" /><testcase classname="backend.tests.test_collection_sheet_3chain.TestCurrentFYExtraKishtEntriesField" name="test_all_combined_rows_have_extra_kisht_entries_field" time="0.082" /><testcase classname="backend.tests.test_collection_sheet_3chain.TestCurrentFYExtraKishtEntriesField" name="test_all_combined_rows_have_new_loan_in_fy_field" time="0.001" /><testcase classname="backend.tests.test_collection_sheet_3chain.TestCurrentFYExtraKishtEntriesField" name="test_ra0030_in_current_fy_has_extra_kisht_entries" time="0.001" /><testcase classname="backend.tests.test_collection_sheet_3chain.TestCurrentFYExtraKishtEntriesField" name="test_combined_rows_all_required_fields" time="0.000" /></testsuite></testsuites>