<?xml version="1.0" encoding="utf-8"?><testsuites name="pytest tests"><testsuite name="pytest" errors="0" failures="0" skipped="0" tests="18" time="1.898" timestamp="2026-04-01T12:19:44.369183+00:00" hostname="agent-env-b523dde6-d86f-4a83-b3a5-2d3ea95df651"><testcase classname="backend.tests.test_collection_sheet_netoff_fy.TestFY202223RA0022" name="test_sheet_returns_200" time="0.562" /><testcase classname="backend.tests.test_collection_sheet_netoff_fy.TestFY202223RA0022" name="test_ra0022_found_in_fy_2022_23" time="0.067" /><testcase classname="backend.tests.test_collection_sheet_netoff_fy.TestFY202223RA0022" name="test_ra0022_outstanding_balance_18000" time="0.064" /><testcase classname="backend.tests.test_collection_sheet_netoff_fy.TestFY202223RA0022" name="test_ra0022_is_netoff_combined" time="0.064" /><testcase classname="backend.tests.test_collection_sheet_netoff_fy.TestFY202223RA0022" name="test_ra0022_new_loan_in_fy_true_in_fy_2022_23" time="0.064" /><testcase classname="backend.tests.test_collection_sheet_netoff_fy.TestFY202324RA0022" name="test_sheet_returns_200" time="0.072" /><testcase classname="backend.tests.test_collection_sheet_netoff_fy.TestFY202324RA0022" name="test_ra0022_found_in_fy_2023_24" time="0.066" /><testcase classname="backend.tests.test_collection_sheet_netoff_fy.TestFY202324RA0022" name="test_ra0022_prev_opening_balance_18000" time="0.071" /><testcase classname="backend.tests.test_collection_sheet_netoff_fy.TestFY202324RA0022" name="test_ra0022_prev_loan_date_2022_12" time="0.065" /><testcase classname="backend.tests.test_collection_sheet_netoff_fy.TestFY202324RA0022" name="test_ra0022_new_loan_in_fy_false" time="0.065" /><testcase classname="backend.tests.test_collection_sheet_netoff_fy.TestFY202324RA0022" name="test_ra0022_is_netoff_combined" time="0.127" /><testcase classname="backend.tests.test_collection_sheet_netoff_fy.TestFY202324RA0030" name="test_ra0030_found" time="0.069" /><testcase classname="backend.tests.test_collection_sheet_netoff_fy.TestFY202324RA0030" name="test_ra0030_new_loan_in_fy_true" time="0.066" /><testcase classname="backend.tests.test_collection_sheet_netoff_fy.TestFY202324RA0030" name="test_ra0030_is_netoff_combined" time="0.073" /><testcase classname="backend.tests.test_collection_sheet_netoff_fy.TestCurrentFYCombinedRows" name="test_sheet_200" time="0.076" /><testcase classname="backend.tests.test_collection_sheet_netoff_fy.TestCurrentFYCombinedRows" name="test_all_combined_rows_have_new_loan_in_fy" time="0.079" /><testcase classname="backend.tests.test_collection_sheet_netoff_fy.TestCurrentFYCombinedRows" name="test_ra0006_new_loan_in_fy_true_in_current_fy" time="0.080" /><testcase classname="backend.tests.test_collection_sheet_netoff_fy.TestCurrentFYCombinedRows" name="test_combined_rows_all_render_fields_present" time="0.084" /></testsuite></testsuites>