<?xml version="1.0" encoding="utf-8"?><testsuites name="pytest tests"><testsuite name="pytest" errors="0" failures="0" skipped="0" tests="20" time="2.811" timestamp="2026-07-13T05:54:21.148399+00:00" hostname="agent-env-57db984c-1fee-455d-ac66-905b05ace85d"><testcase classname="backend.tests.test_quick_loan_existing.TestQuickLoanExistingCustomer" name="test_existing_kyc_quick_loan_success" time="0.526" /><testcase classname="backend.tests.test_quick_loan_existing.TestQuickLoanExistingCustomer" name="test_existing_kyc_loan_number_increments" time="0.046" /><testcase classname="backend.tests.test_quick_loan_existing.TestQuickLoanExistingCustomer" name="test_existing_kyc_emi_calculation" time="0.046" /><testcase classname="backend.tests.test_quick_loan_existing.TestQuickLoanExistingCustomer" name="test_existing_kyc_loan_in_loan_list" time="0.091" /><testcase classname="backend.tests.test_quick_loan_existing.TestQuickLoanExistingCustomer" name="test_invalid_existing_kyc_id_returns_404" time="0.176" /><testcase classname="backend.tests.test_quick_loan_existing.TestQuickLoanExistingCustomer" name="test_search_api_finds_customers" time="0.053" /><testcase classname="backend.tests.test_quick_loan_existing.TestQuickLoanExistingCustomer" name="test_search_api_finds_by_customer_id" time="0.050" /><testcase classname="backend.tests.test_quick_loan_existing.TestQuickLoanExistingCustomer" name="test_search_response_has_required_fields" time="0.048" /><testcase classname="backend.tests.test_quick_loan.TestQuickLoanBasic" name="test_create_quick_loan_no_phone" time="0.457" /><testcase classname="backend.tests.test_quick_loan.TestQuickLoanBasic" name="test_emi_formula_10000" time="0.087" /><testcase classname="backend.tests.test_quick_loan.TestQuickLoanBasic" name="test_emi_formula_25000" time="0.048" /><testcase classname="backend.tests.test_quick_loan.TestQuickLoanBasic" name="test_loan_date_is_first_of_month" time="0.131" /><testcase classname="backend.tests.test_quick_loan.TestQuickLoanBasic" name="test_with_suffix" time="0.089" /><testcase classname="backend.tests.test_quick_loan.TestQuickLoanBasic" name="test_with_co_borrower_and_guarantor" time="0.129" /><testcase classname="backend.tests.test_quick_loan.TestQuickLoanBasic" name="test_loan_appears_in_loan_list" time="0.092" /><testcase classname="backend.tests.test_quick_loan.TestQuickLoanValidation" name="test_invalid_loan_month_format" time="0.083" /><testcase classname="backend.tests.test_quick_loan.TestQuickLoanValidation" name="test_missing_name_rejected" time="0.043" /><testcase classname="backend.tests.test_quick_loan.TestQuickLoanRoleAccess" name="test_sipahi_gets_403" time="0.383" /><testcase classname="backend.tests.test_quick_loan.TestQuickLoanRoleAccess" name="test_unauthenticated_gets_401" time="0.103" /><testcase classname="backend.tests.test_quick_loan.TestQuickLoanRoleAccess" name="test_admin_can_create" time="0.049" /></testsuite></testsuites>