<?xml version="1.0" encoding="utf-8"?><testsuites name="pytest tests"><testsuite name="pytest" errors="0" failures="0" skipped="0" tests="12" time="1.690" timestamp="2026-06-23T07:37:40.041797+00:00" hostname="agent-env-4f39c7cc-d7da-498a-9a47-81daf534a14b"><testcase classname="backend.tests.test_quick_loan.TestQuickLoanBasic" name="test_create_quick_loan_no_phone" time="0.515" /><testcase classname="backend.tests.test_quick_loan.TestQuickLoanBasic" name="test_emi_formula_10000" time="0.048" /><testcase classname="backend.tests.test_quick_loan.TestQuickLoanBasic" name="test_emi_formula_25000" time="0.047" /><testcase classname="backend.tests.test_quick_loan.TestQuickLoanBasic" name="test_loan_date_is_first_of_month" time="0.095" /><testcase classname="backend.tests.test_quick_loan.TestQuickLoanBasic" name="test_with_suffix" time="0.090" /><testcase classname="backend.tests.test_quick_loan.TestQuickLoanBasic" name="test_with_co_borrower_and_guarantor" time="0.097" /><testcase classname="backend.tests.test_quick_loan.TestQuickLoanBasic" name="test_loan_appears_in_loan_list" time="0.092" /><testcase classname="backend.tests.test_quick_loan.TestQuickLoanValidation" name="test_invalid_loan_month_format" time="0.047" /><testcase classname="backend.tests.test_quick_loan.TestQuickLoanValidation" name="test_missing_name_rejected" time="0.045" /><testcase classname="backend.tests.test_quick_loan.TestQuickLoanRoleAccess" name="test_sipahi_gets_403" time="0.376" /><testcase classname="backend.tests.test_quick_loan.TestQuickLoanRoleAccess" name="test_unauthenticated_gets_401" time="0.101" /><testcase classname="backend.tests.test_quick_loan.TestQuickLoanRoleAccess" name="test_admin_can_create" time="0.046" /></testsuite></testsuites>