<?xml version="1.0" encoding="utf-8"?><testsuites name="pytest tests"><testsuite name="pytest" errors="0" failures="0" skipped="0" tests="36" time="4.538" timestamp="2026-03-28T11:52:01.366998+00:00" hostname="agent-env-65162878-8de1-4f7b-a316-8864ea242410"><testcase classname="backend.tests.test_refactoring.TestAuthRoutes" name="test_admin_login_success" time="0.367" /><testcase classname="backend.tests.test_refactoring.TestAuthRoutes" name="test_sipahi_login_success" time="0.321" /><testcase classname="backend.tests.test_refactoring.TestAuthRoutes" name="test_login_invalid_credentials" time="0.354" /><testcase classname="backend.tests.test_refactoring.TestAuthRoutes" name="test_get_me_authenticated" time="0.519" /><testcase classname="backend.tests.test_refactoring.TestAuthRoutes" name="test_get_me_unauthenticated" time="0.101" /><testcase classname="backend.tests.test_refactoring.TestAuthRoutes" name="test_logout" time="0.390" /><testcase classname="backend.tests.test_refactoring.TestDashboardRoutes" name="test_dashboard_stats_admin" time="0.047" /><testcase classname="backend.tests.test_refactoring.TestDashboardRoutes" name="test_dashboard_stats_sipahi" time="0.391" /><testcase classname="backend.tests.test_refactoring.TestDashboardRoutes" name="test_dashboard_stats_unauthenticated" time="0.090" /><testcase classname="backend.tests.test_refactoring.TestIllakaRoutes" name="test_list_illakas_admin" time="0.045" /><testcase classname="backend.tests.test_refactoring.TestIllakaRoutes" name="test_list_illakas_sipahi" time="0.049" /><testcase classname="backend.tests.test_refactoring.TestIllakaRoutes" name="test_illaka_fields" time="0.052" /><testcase classname="backend.tests.test_refactoring.TestIllakaRoutes" name="test_list_misals" time="0.048" /><testcase classname="backend.tests.test_refactoring.TestKYCRoutes" name="test_list_kycs_admin" time="0.064" /><testcase classname="backend.tests.test_refactoring.TestKYCRoutes" name="test_list_kycs_sipahi" time="0.054" /><testcase classname="backend.tests.test_refactoring.TestKYCRoutes" name="test_kycs_pagination" time="0.047" /><testcase classname="backend.tests.test_refactoring.TestKYCRoutes" name="test_kycs_no_mongodb_id" time="0.046" /><testcase classname="backend.tests.test_refactoring.TestKYCRoutes" name="test_list_kycs_unauthenticated" time="0.102" /><testcase classname="backend.tests.test_refactoring.TestLoanRoutes" name="test_list_loans_admin" time="0.055" /><testcase classname="backend.tests.test_refactoring.TestLoanRoutes" name="test_list_loans_sipahi" time="0.051" /><testcase classname="backend.tests.test_refactoring.TestLoanRoutes" name="test_loan_fields" time="0.047" /><testcase classname="backend.tests.test_refactoring.TestLoanRoutes" name="test_loans_kyc_id_filter" time="0.106" /><testcase classname="backend.tests.test_refactoring.TestLoanRoutes" name="test_get_specific_loan" time="0.095" /><testcase classname="backend.tests.test_refactoring.TestLoanRoutes" name="test_get_loan_not_found" time="0.054" /><testcase classname="backend.tests.test_refactoring.TestLoanRoutes" name="test_list_loans_unauthenticated" time="0.106" /><testcase classname="backend.tests.test_refactoring.TestEmiNoteEndpoint" name="test_emi_note_update" time="0.190" /><testcase classname="backend.tests.test_refactoring.TestEmiNoteEndpoint" name="test_emi_note_invalid_loan" time="0.051" /><testcase classname="backend.tests.test_refactoring.TestEmiNoteEndpoint" name="test_emi_note_invalid_month" time="0.089" /><testcase classname="backend.tests.test_refactoring.TestCollectionRoutes" name="test_collection_sheet_admin" time="0.048" /><testcase classname="backend.tests.test_refactoring.TestCollectionRoutes" name="test_collection_sheet_structure" time="0.045" /><testcase classname="backend.tests.test_refactoring.TestCollectionRoutes" name="test_collection_sheet_with_month" time="0.046" /><testcase classname="backend.tests.test_refactoring.TestCollectionRoutes" name="test_collection_sheet_sipahi" time="0.055" /><testcase classname="backend.tests.test_refactoring.TestCollectionRoutes" name="test_collection_sheet_unauthenticated" time="0.098" /><testcase classname="backend.tests.test_refactoring.TestUsersRoutes" name="test_list_users_admin" time="0.045" /><testcase classname="backend.tests.test_refactoring.TestUsersRoutes" name="test_users_no_password_in_response" time="0.045" /><testcase classname="backend.tests.test_refactoring.TestUsersRoutes" name="test_list_users_unauthenticated" time="0.106" /></testsuite></testsuites>