<?xml version="1.0" encoding="utf-8"?><testsuites name="pytest tests"><testsuite name="pytest" errors="0" failures="0" skipped="1" tests="10" time="1.579" timestamp="2026-03-28T12:32:59.644675+00:00" hostname="agent-env-5d01643b-08df-4b03-b6a9-4ffaeead71d6"><testcase classname="backend.tests.test_reloan.TestReLoanEndpoint" name="test_reloan_without_netoff" time="0.647" /><testcase classname="backend.tests.test_reloan.TestReLoanEndpoint" name="test_reloan_with_netoff" time="0.170" /><testcase classname="backend.tests.test_reloan.TestReLoanEndpoint" name="test_reloan_invalid_loan_id" time="0.043" /><testcase classname="backend.tests.test_reloan.TestReLoanEndpoint" name="test_reloan_nonexistent_loan" time="0.066" /><testcase classname="backend.tests.test_reloan.TestReLoanEndpoint" name="test_reloan_unauthenticated" time="0.102" /><testcase classname="backend.tests.test_reloan.TestReLoanClosedLoan" name="test_reloan_on_closed_loan" time="0.105" /><testcase classname="backend.tests.test_reloan.TestReLoanClosedLoan" name="test_reloan_netoff_ignored_for_closed_loan" time="0.067"><skipped type="pytest.skip" message="No suitable closed loan found">/app/backend/tests/test_reloan.py:256: No suitable closed loan found</skipped></testcase><testcase classname="backend.tests.test_reloan.TestReLoanLoanNumberFormat" name="test_reloan_number_increments" time="0.087" /><testcase classname="backend.tests.test_reloan.TestReLoanGetLoan" name="test_get_reloan_has_is_reloan_flag" time="0.097" /><testcase classname="backend.tests.test_reloan.TestReLoanGetLoan" name="test_get_netoff_closed_loan" time="0.099" /></testsuite></testsuites>