<?xml version="1.0" encoding="utf-8"?><testsuites name="pytest tests"><testsuite name="pytest" errors="0" failures="0" skipped="1" tests="8" time="1.462" timestamp="2026-04-09T07:31:32.359204+00:00" hostname="agent-env-de946669-0285-4cbc-a294-9e210857b644"><testcase classname="backend.tests.test_suffix_feature.TestSuffixInListKYC" name="test_list_kycs_returns_primary_borrower" time="0.464" /><testcase classname="backend.tests.test_suffix_feature.TestSuffixInGetKYC" name="test_get_kyc_has_suffix_field" time="0.101" /><testcase classname="backend.tests.test_suffix_feature.TestSuffixUpdateKYC" name="test_update_kyc_with_suffix_caste" time="0.095" /><testcase classname="backend.tests.test_suffix_feature.TestSuffixUpdateKYC" name="test_get_kyc_after_update_has_suffix" time="0.044" /><testcase classname="backend.tests.test_suffix_feature.TestSuffixUpdateKYC" name="test_update_kyc_with_urf_suffix" time="0.132" /><testcase classname="backend.tests.test_suffix_feature.TestSuffixUpdateKYC" name="test_update_kyc_clear_suffix" time="0.094" /><testcase classname="backend.tests.test_suffix_feature.TestSuffixPropagatedToLoan" name="test_loan_client_name_includes_suffix" time="0.401"><skipped type="pytest.skip" message="No loan associated with this KYC">/app/backend/tests/test_suffix_feature.py:230: No loan associated with this KYC</skipped></testcase><testcase classname="backend.tests.test_suffix_feature.TestAdminSeesSuffix" name="test_admin_list_kycs_has_suffix_field" time="0.044" /></testsuite></testsuites>