<?xml version="1.0" encoding="utf-8"?><testsuites name="pytest tests"><testsuite name="pytest" errors="0" failures="0" skipped="0" tests="40" time="3.622" timestamp="2026-03-30T04:02:03.717056+00:00" hostname="agent-env-3db9f81d-7630-46ae-bd53-e926b28219ec"><testcase classname="backend.tests.test_undo_year_end_closing.TestYearEndClosingHistory" name="test_history_returns_200_for_admin" time="0.411" /><testcase classname="backend.tests.test_undo_year_end_closing.TestYearEndClosingHistory" name="test_history_response_has_closings_key" time="0.050" /><testcase classname="backend.tests.test_undo_year_end_closing.TestYearEndClosingHistory" name="test_history_closings_have_date_and_count" time="0.047" /><testcase classname="backend.tests.test_undo_year_end_closing.TestYearEndClosingHistory" name="test_history_sorted_newest_first" time="0.051" /><testcase classname="backend.tests.test_undo_year_end_closing.TestYearEndClosingHistory" name="test_history_shows_existing_closing_count" time="0.055" /><testcase classname="backend.tests.test_undo_year_end_closing.TestYearEndClosingHistory" name="test_history_empty_illaka_returns_empty_list" time="0.045" /><testcase classname="backend.tests.test_undo_year_end_closing.TestYearEndClosingHistory" name="test_history_muneem_gets_403" time="0.381" /><testcase classname="backend.tests.test_undo_year_end_closing.TestYearEndClosingHistory" name="test_history_unauthenticated_returns_401_or_403" time="0.118" /><testcase classname="backend.tests.test_undo_year_end_closing.TestUndoPermissions" name="test_undo_muneem_gets_403" time="0.048" /><testcase classname="backend.tests.test_undo_year_end_closing.TestUndoPermissions" name="test_undo_unauthenticated_returns_401_or_403" time="0.103" /><testcase classname="backend.tests.test_undo_year_end_closing.TestUndoPermissions" name="test_undo_nonexistent_closing_returns_404" time="0.045" /><testcase classname="backend.tests.test_undo_year_end_closing.TestUndoFullFlow" name="test_01_setup_create_old_loan_for_delhi" time="0.441" /><testcase classname="backend.tests.test_undo_year_end_closing.TestUndoFullFlow" name="test_02_preview_finds_old_loan" time="0.045" /><testcase classname="backend.tests.test_undo_year_end_closing.TestUndoFullFlow" name="test_03_do_year_end_closing_2025" time="0.051" /><testcase classname="backend.tests.test_undo_year_end_closing.TestUndoFullFlow" name="test_04_verify_loan_is_gyal" time="0.051" /><testcase classname="backend.tests.test_undo_year_end_closing.TestUndoFullFlow" name="test_05_history_shows_one_closing" time="0.046" /><testcase classname="backend.tests.test_undo_year_end_closing.TestUndoFullFlow" name="test_06_undo_most_recent_closing" time="0.050" /><testcase classname="backend.tests.test_undo_year_end_closing.TestUndoFullFlow" name="test_07_verify_loan_is_no_longer_gyal" time="0.044" /><testcase classname="backend.tests.test_undo_year_end_closing.TestUndoFullFlow" name="test_08_verify_gyal_journal_entries_deleted" time="0.054" /><testcase classname="backend.tests.test_undo_year_end_closing.TestUndoFullFlow" name="test_09_history_is_empty_after_undo" time="0.047" /><testcase classname="backend.tests.test_undo_year_end_closing.TestUndoFullFlow" name="test_10_loan_reappears_in_preview_after_undo" time="0.047" /><testcase classname="backend.tests.test_undo_year_end_closing.TestBlockedUndo" name="test_01_create_first_loan_for_blocked_test" time="0.157" /><testcase classname="backend.tests.test_undo_year_end_closing.TestBlockedUndo" name="test_02_create_second_loan_for_blocked_test" time="0.149" /><testcase classname="backend.tests.test_undo_year_end_closing.TestBlockedUndo" name="test_03_history_shows_two_closings_newest_first" time="0.049" /><testcase classname="backend.tests.test_undo_year_end_closing.TestBlockedUndo" name="test_04_undo_older_closing_is_blocked_400" time="0.049" /><testcase classname="backend.tests.test_undo_year_end_closing.TestBlockedUndo" name="test_05_undo_newer_closing_succeeds" time="0.045" /><testcase classname="backend.tests.test_undo_year_end_closing.TestBlockedUndo" name="test_06_after_newer_undone_older_can_be_undone" time="0.062" /><testcase classname="backend.tests.test_undo_year_end_closing.TestBlockedUndo" name="test_07_verify_all_loans_restored" time="0.108" /><testcase classname="backend.tests.test_undo_year_end_closing.TestBlockedUndo" name="test_08_delhi_history_empty_after_all_undos" time="0.046" /><testcase classname="backend.tests.test_undo_year_end_closing.TestRedoClosingAfterUndo" name="test_01_create_loan_for_redo_test" time="0.104" /><testcase classname="backend.tests.test_undo_year_end_closing.TestRedoClosingAfterUndo" name="test_02_do_closing_mark_as_gyal" time="0.055" /><testcase classname="backend.tests.test_undo_year_end_closing.TestRedoClosingAfterUndo" name="test_03_undo_the_closing" time="0.051" /><testcase classname="backend.tests.test_undo_year_end_closing.TestRedoClosingAfterUndo" name="test_04_redo_closing_succeeds" time="0.053" /><testcase classname="backend.tests.test_undo_year_end_closing.TestRedoClosingAfterUndo" name="test_05_loan_is_gyal_again" time="0.048" /><testcase classname="backend.tests.test_undo_year_end_closing.TestRedoClosingAfterUndo" name="test_06_cleanup_undo_test_closing" time="0.051" /><testcase classname="backend.tests.test_undo_year_end_closing.TestUndoExistingClosing" name="test_01_history_shows_existing_closing" time="0.046" /><testcase classname="backend.tests.test_undo_year_end_closing.TestUndoExistingClosing" name="test_02_get_gyal_loan_in_test_illaka" time="0.045" /><testcase classname="backend.tests.test_undo_year_end_closing.TestUndoExistingClosing" name="test_03_undo_existing_closing" time="0.048" /><testcase classname="backend.tests.test_undo_year_end_closing.TestUndoExistingClosing" name="test_04_history_empty_after_undo" time="0.046" /><testcase classname="backend.tests.test_undo_year_end_closing.TestUndoExistingClosing" name="test_05_redo_closing_after_undo" time="0.055" /></testsuite></testsuites>