<?xml version="1.0" encoding="utf-8"?><testsuites name="pytest tests"><testsuite name="pytest" errors="0" failures="0" skipped="0" tests="8" time="2.274" timestamp="2026-07-13T10:56:02.244953+00:00" hostname="agent-env-8fafb7bf-8ee5-4009-bd79-af6338587ff6"><testcase classname="backend.tests.test_zero_collection.TestZeroCollectionBackend" name="test_zero_amount_accepted_and_returns_loan" time="0.513" /><testcase classname="backend.tests.test_zero_collection.TestZeroCollectionBackend" name="test_zero_amount_emi_status_stays_pending" time="0.226" /><testcase classname="backend.tests.test_zero_collection.TestZeroCollectionBackend" name="test_zero_amount_payment_record_saved" time="0.192" /><testcase classname="backend.tests.test_zero_collection.TestZeroCollectionBackend" name="test_zero_amount_no_journal_entry" time="0.262" /><testcase classname="backend.tests.test_zero_collection.TestZeroCollectionBackend" name="test_negative_amount_rejected" time="0.133" /><testcase classname="backend.tests.test_zero_collection.TestZeroCollectionBackend" name="test_zero_then_real_amount_marks_emi_paid" time="0.355" /><testcase classname="backend.tests.test_zero_collection.TestZeroCollectionBackend" name="test_zero_amount_loan_total_paid_unchanged" time="0.259" /><testcase classname="backend.tests.test_zero_collection.TestZeroCollectionBackend" name="test_zero_amount_already_paid_emi_blocked" time="0.261" /></testsuite></testsuites>